<?xml version="1.0" encoding="UTF-8"?>
<testsuite name="CinemaTests" tests="1" skipped="0" failures="0" errors="0" timestamp="2022-07-13T18:40:23" hostname="Zdzislaws-MacBook-Pro.local" time="2.696">
  <properties/>
  <testcase name="start" classname="CinemaTests" time="2.696"/>
  <system-out><![CDATA[?[1;31m
Start test 1?[0m

  .   ____          _            __ _ _
 /\\ / ___'_ __ _ _(_)_ __  __ _ \ \ \ \
( ( )\___ | '_ | '_| | '_ \/ _` | \ \ \ \
 \\/  ___)| |_)| | | | | || (_| |  ) ) ) )
  '  |____| .__|_| |_|_| |_\__, | / / / /
 =========|_|==============|___/=/_/_/_/
 :: Spring Boot ::                (v2.5.6)

2022-07-13 20:40:24.344  INFO 19109 --- [    Test worker] cinema.Main                              : Starting Main using Java 17.0.3 on Zdzislaws-MacBook-Pro.local with PID 19109 (started by zdzislawpietrewicz in /Users/zdzislawpietrewicz/code/Cinema Room Rest Service/Cinema Room REST Service/task)
2022-07-13 20:40:24.347  INFO 19109 --- [    Test worker] cinema.Main                              : No active profile set, falling back to default profiles: default
2022-07-13 20:40:25.318  INFO 19109 --- [    Test worker] o.s.b.w.embedded.tomcat.TomcatWebServer  : Tomcat initialized with port(s): 28852 (http)
2022-07-13 20:40:25.330  INFO 19109 --- [    Test worker] o.apache.catalina.core.StandardService   : Starting service [Tomcat]
2022-07-13 20:40:25.330  INFO 19109 --- [    Test worker] org.apache.catalina.core.StandardEngine  : Starting Servlet engine: [Apache Tomcat/9.0.54]
2022-07-13 20:40:25.401  INFO 19109 --- [    Test worker] o.a.c.c.C.[Tomcat].[localhost].[/]       : Initializing Spring embedded WebApplicationContext
2022-07-13 20:40:25.401  INFO 19109 --- [    Test worker] w.s.c.ServletWebServerApplicationContext : Root WebApplicationContext: initialization completed in 1010 ms
2022-07-13 20:40:25.739  INFO 19109 --- [    Test worker] o.s.b.a.w.s.WelcomePageHandlerMapping    : Adding welcome page: class path resource [static/index.html]
2022-07-13 20:40:25.868  INFO 19109 --- [    Test worker] o.s.b.a.e.web.EndpointLinksResolver      : Exposing 1 endpoint(s) beneath base path '/actuator'
2022-07-13 20:40:25.896  INFO 19109 --- [    Test worker] o.s.b.w.embedded.tomcat.TomcatWebServer  : Tomcat started on port(s): 28852 (http) with context path ''
2022-07-13 20:40:25.912  INFO 19109 --- [    Test worker] cinema.Main                              : Started Main in 1.876 seconds (JVM running for 2.679)
2022-07-13 20:40:26.273  INFO 19109 --- [io-28852-exec-1] o.a.c.c.C.[Tomcat].[localhost].[/]       : Initializing Spring DispatcherServlet 'dispatcherServlet'
2022-07-13 20:40:26.273  INFO 19109 --- [io-28852-exec-1] o.s.web.servlet.DispatcherServlet        : Initializing Servlet 'dispatcherServlet'
2022-07-13 20:40:26.274  INFO 19109 --- [io-28852-exec-1] o.s.web.servlet.DispatcherServlet        : Completed initialization in 1 ms
?[1;31m
Start test 2?[0m
?[1;31m
Start test 3?[0m
?[1;31m
Start test 4?[0m
?[1;31m
Start test 5?[0m
?[1;31m
Start test 6?[0m
]]></system-out>
  <system-err><![CDATA[]]></system-err>
</testsuite>
